2020/07/09 10:46:35 [INFO] Terraform version: 0.11.11  ac4fff416318bf0915a0ab80e062a99ef3724334
2020/07/09 10:46:35 [INFO] Go runtime version: go1.11.1
2020/07/09 10:46:35 [INFO] CLI args: []string{"/usr/local/bin/terraform", "destroy"}
2020/07/09 10:46:35 [DEBUG] Attempting to open CLI config file: /home/vagrant/.terraformrc
2020/07/09 10:46:35 [DEBUG] File doesn't exist, but doesn't need to. Ignoring.
2020/07/09 10:46:35 [INFO] CLI command args: []string{"destroy"}
2020/07/09 10:46:35 [INFO] command: empty backend config, returning nil
2020/07/09 10:46:35 [DEBUG] command: no data state file found for backend config
2020/07/09 10:46:35 [DEBUG] New state was assigned lineage "ea175f26-942a-0c7b-e4c8-562eb0ae1675"
2020/07/09 10:46:35 [INFO] command: backend initialized: <nil>
2020/07/09 10:46:35 [DEBUG] checking for provider in "."
2020/07/09 10:46:35 [DEBUG] checking for provider in "/usr/local/bin"
2020/07/09 10:46:35 [DEBUG] checking for provider in ".terraform/plugins/linux_amd64"
2020/07/09 10:46:35 [DEBUG] found provider "terraform-provider-google_v2.0.0_x4"
2020/07/09 10:46:35 [DEBUG] found valid plugin: "google", "2.0.0", "/home/vagrant/git/kombatenok_infra/terraform/.terraform/plugins/linux_amd64/terraform-provider-google_v2.0.0_x4"
2020/07/09 10:46:35 [DEBUG] checking for provisioner in "."
2020/07/09 10:46:35 [DEBUG] checking for provisioner in "/usr/local/bin"
2020/07/09 10:46:35 [DEBUG] checking for provisioner in ".terraform/plugins/linux_amd64"
2020/07/09 10:46:35 [INFO] command: backend <nil> is not enhanced, wrapping in local
2020/07/09 10:46:35 [INFO] backend/local: starting Apply operation
panic: runtime error: invalid memory address or nil pointer dereference
[signal SIGSEGV: segmentation violation code=0x1 addr=0x0 pc=0x4024e1]

goroutine 22 [running]:
encoding/json.(*decodeState).object(0xc0003fc188, 0x24b02a0, 0xc00013b480, 0x16, 0xc0003fc1b0, 0x255957b)
	/opt/go/src/encoding/json/decode.go:714 +0x1e5
encoding/json.(*decodeState).value(0xc0003fc188, 0x24b02a0, 0xc00013b480, 0x16, 0xa, 0x138)
	/opt/go/src/encoding/json/decode.go:383 +0x6d
encoding/json.(*decodeState).unmarshal(0xc0003fc188, 0x24b02a0, 0xc00013b480, 0x0, 0x1)
	/opt/go/src/encoding/json/decode.go:180 +0x204
encoding/json.(*Decoder).Decode(0xc0003fc160, 0x24b02a0, 0xc00013b480, 0x2f6e8e0, 0x0)
	/opt/go/src/encoding/json/stream.go:73 +0x18a
github.com/hashicorp/terraform/vendor/github.com/hashicorp/go-checkpoint.checkResult(0x327d800, 0xc0000971f0, 0xc0000971f0, 0x327d800, 0xc0000971f0)
	/opt/gopath/src/github.com/hashicorp/terraform/vendor/github.com/hashicorp/go-checkpoint/checkpoint.go:397 +0x89
github.com/hashicorp/terraform/vendor/github.com/hashicorp/go-checkpoint.Check(0xc0000b9f48, 0x0, 0x0, 0x0)
	/opt/gopath/src/github.com/hashicorp/terraform/vendor/github.com/hashicorp/go-checkpoint/checkpoint.go:219 +0xc8d
main.runCheckpoint(0xc000227700)
	/opt/gopath/src/github.com/hashicorp/terraform/checkpoint.go:46 +0x2b3
created by main.wrappedMain
	/opt/gopath/src/github.com/hashicorp/terraform/main.go:160 +0x4bd
